<?xml version="1.0" encoding="UTF-8"?>
<!-- Generated by org.testng.reporters.JUnitReportReporter -->
<testsuite hostname="admins-Mac-mini-4.local" name="GoogleTest" tests="1" failures="0" timestamp="9 Jun 2014 09:34:45 GMT" time="37.309" errors="0">
  <testcase name="verifySearch" time="37.309" classname="GoogleTest"/>
</testsuite> <!-- GoogleTest -->
