<?xml version="1.0" encoding="UTF-8"?>
<!-- Generated by org.testng.reporters.JUnitReportReporter -->
<testsuite hostname="Admins-MacBook-Pro.local" name="com.EriBank.EriBankAndroidNew" tests="1" failures="0" timestamp="6 Jul 2014 18:20:22 GMT" time="39.716" errors="0">
  <testcase name="testEriBank" time="39.716" classname="com.EriBank.EriBankAndroidNew"/>
</testsuite> <!-- com.EriBank.EriBankAndroidNew -->
