<?xml version="1.0" encoding="UTF-8"?>
<!-- Generated by org.testng.reporters.JUnitReportReporter -->
<testsuite hostname="Admins-MacBook-Pro.local" name="com.EriBank.TestEriBank" tests="1" failures="0" timestamp="4 Jul 2014 22:21:49 GMT" time="31.003" errors="0">
  <testcase name="testCaseOne" time="31.003" classname="com.EriBank.TestEriBank"/>
</testsuite> <!-- com.EriBank.TestEriBank -->
