<?xml version="1.0" encoding="UTF-8"?>
<!-- Generated by org.testng.reporters.JUnitReportReporter -->
<testsuite hostname="admins-Mac-mini-4.local" name="com.altifin.FI.TestBalanceEnquiry" tests="1" failures="0" timestamp="11 Jun 2014 06:58:56 GMT" time="99.140" errors="0">
  <testcase name="balanceEnquiryTest" time="99.140" classname="com.altifin.FI.TestBalanceEnquiry"/>
</testsuite> <!-- com.altifin.FI.TestBalanceEnquiry -->
