<?xml version="1.0" encoding="UTF-8"?>
<!-- Generated by org.testng.reporters.JUnitReportReporter -->
<testsuite hostname="MAC-PCs-Mac-mini.local" name="com.altifin.lab.HelloWorld" tests="2" failures="0" timestamp="4 Jul 2014 11:01:46 GMT" time="0.020" errors="0">
  <testcase name="method1" time="0.018" classname="com.altifin.lab.HelloWorld"/>
  <testcase name="method2" time="0.002" classname="com.altifin.lab.HelloWorld"/>
</testsuite> <!-- com.altifin.lab.HelloWorld -->
